<?xml version="1.0" encoding="UTF-8"?>
<testsuite xmlns:xsi="http://www.w3.org/2001/XMLSchema-instance" xsi:noNamespaceSchemaLocation="https://maven.apache.org/surefire/maven-surefire-plugin/xsd/surefire-test-report-3.0.xsd" version="3.0" name="TestSuite" time="21.728" tests="9" errors="0" skipped="4" failures="4">
  <properties>
[...]
</properties>
  <testcase name="invalid_emailAndPassword_LoginTest1[public void com.tests.LoginTest.invalid_emailAndPassword_LoginTest1(java.lang.reflect.Method)](1)" classname="com.tests.LoginTest" time="0">
    <skipped message="element not interactable&#10;  (Session info: chrome=91.0.4472.124)&#10;Build info: version: &apos;4.0.0-beta-4&apos;, revision: &apos;29f46d02dd&apos;&#10;System info: host: &apos;LAPTOP-EM2ICHMI&apos;, ip: &apos;192.168.58.102&apos;, os.name: &apos;Windows 10&apos;, os.arch: &apos;amd64&apos;, os.version: &apos;10.0&apos;, java.version: &apos;1.8.0_281&apos;&#10;Driver info: org.openqa.selenium.chrome.ChromeDriver&#10;Command: [0dd76b18cb865a0caa4b7c41cefdeae2, clickElement {id=854b5d2f-50e4-4887-b557-6f536d593778}]&#10;Capabilities {acceptInsecureCerts: false, browserName: chrome, browserVersion: 91.0.4472.124, chrome: {chromedriverVersion: 91.0.4472.19 (1bf021f248676..., userDataDir: C:\WINDOWS\TEMP\scoped_dir1...}, goog:chromeOptions: {debuggerAddress: localhost:52347}, javascriptEnabled: true, networkConnectionEnabled: false, pageLoadStrategy: normal, platform: WINDOWS, platformName: WINDOWS, proxy: Proxy(), se:cdp: ws://localhost:52347/devtoo..., se:cdpVersion: 91.0.4472.124, setWindowRect: true, strictFileInteractability: false, timeouts: {implicit: 0, pageLoad: 300000, script: 30000}, unhandledPromptBehavior: dismiss and notify, webauthn:extension:largeBlob: true, webauthn:virtualAuthenticators: true}&#10;Element: [[ChromeDriver: chrome on WINDOWS (0dd76b18cb865a0caa4b7c41cefdeae2)] -&gt; xpath: //span[contains(text(),&apos;My Account&apos;)]]&#10;Session ID: 0dd76b18cb865a0caa4b7c41cefdeae2"/>
    <system-out><![CDATA[[INFO ] 2021-07-09 23:27:32.008 [main] Log - I am in onStart method POMframeworkWithExtentReport
[INFO ] 2021-07-09 23:27:32.058 [main] Log - test is starting ....
[INFO ] 2021-07-09 23:27:35.750 [main] Log - invalid_emailAndPassword_LoginTest1 test is starting.
[INFO ] 2021-07-09 23:27:36.207 [main] Log - go to opencart home page
[INFO ] 2021-07-09 23:27:39.954 [main] Log - go to login page 
[INFO ] 2021-07-09 23:27:40.267 [main] Log - invalid_emailAndPassword_LoginTest1 test is skipped.
]]></system-out>
    <system-err><![CDATA[SLF4J: Failed to load class "org.slf4j.impl.StaticLoggerBinder".
SLF4J: Defaulting to no-operation (NOP) logger implementation
SLF4J: See http://www.slf4j.org/codes.html#StaticLoggerBinder for further details.
Starting ChromeDriver 91.0.4472.19 (1bf021f248676a0b2ab3ee0561d83a59e424c23e-refs/branch-heads/4472@{#288}) on port 26203
Only local connections are allowed.
Please see https://chromedriver.chromium.org/security-considerations for suggestions on keeping ChromeDriver safe.
ChromeDriver was started successfully.
Jul 09, 2021 11:27:35 PM org.openqa.selenium.remote.ProtocolHandshake createSession
INFO: Detected dialect: W3C
Jul 09, 2021 11:27:35 PM org.openqa.selenium.devtools.CdpVersionFinder findNearestMatch
INFO: Found exact CDP implementation for version 91
]]></system-err>
  </testcase>
  <testcase name="invalid_emailAndPassword_LoginTest1[public void com.tests.LoginTest.invalid_emailAndPassword_LoginTest1(java.lang.reflect.Method)](2)" classname="com.tests.LoginTest" time="1.348">
    <failure message="element not interactable&#10;  (Session info: chrome=91.0.4472.124)&#10;Build info: version: &apos;4.0.0-beta-4&apos;, revision: &apos;29f46d02dd&apos;&#10;System info: host: &apos;LAPTOP-EM2ICHMI&apos;, ip: &apos;192.168.58.102&apos;, os.name: &apos;Windows 10&apos;, os.arch: &apos;amd64&apos;, os.version: &apos;10.0&apos;, java.version: &apos;1.8.0_281&apos;&#10;Driver info: org.openqa.selenium.chrome.ChromeDriver&#10;Command: [0dd76b18cb865a0caa4b7c41cefdeae2, clickElement {id=c9bca12d-c124-443f-9306-048cba48cd8a}]&#10;Capabilities {acceptInsecureCerts: false, browserName: chrome, browserVersion: 91.0.4472.124, chrome: {chromedriverVersion: 91.0.4472.19 (1bf021f248676..., userDataDir: C:\WINDOWS\TEMP\scoped_dir1...}, goog:chromeOptions: {debuggerAddress: localhost:52347}, javascriptEnabled: true, networkConnectionEnabled: false, pageLoadStrategy: normal, platform: WINDOWS, platformName: WINDOWS, proxy: Proxy(), se:cdp: ws://localhost:52347/devtoo..., se:cdpVersion: 91.0.4472.124, setWindowRect: true, strictFileInteractability: false, timeouts: {implicit: 0, pageLoad: 300000, script: 30000}, unhandledPromptBehavior: dismiss and notify, webauthn:extension:largeBlob: true, webauthn:virtualAuthenticators: true}&#10;Element: [[ChromeDriver: chrome on WINDOWS (0dd76b18cb865a0caa4b7c41cefdeae2)] -&gt; xpath: //span[contains(text(),&apos;My Account&apos;)]]&#10;Session ID: 0dd76b18cb865a0caa4b7c41cefdeae2" type="org.openqa.selenium.ElementNotInteractableException"><![CDATA[org.openqa.selenium.ElementNotInteractableException: 
element not interactable
  (Session info: chrome=91.0.4472.124)
Build info: version: '4.0.0-beta-4', revision: '29f46d02dd'
System info: host: 'LAPTOP-EM2ICHMI', ip: '192.168.58.102', os.name: 'Windows 10', os.arch: 'amd64', os.version: '10.0', java.version: '1.8.0_281'
Driver info: org.openqa.selenium.chrome.ChromeDriver
Command: [0dd76b18cb865a0caa4b7c41cefdeae2, clickElement {id=c9bca12d-c124-443f-9306-048cba48cd8a}]
Capabilities {acceptInsecureCerts: false, browserName: chrome, browserVersion: 91.0.4472.124, chrome: {chromedriverVersion: 91.0.4472.19 (1bf021f248676..., userDataDir: C:\WINDOWS\TEMP\scoped_dir1...}, goog:chromeOptions: {debuggerAddress: localhost:52347}, javascriptEnabled: true, networkConnectionEnabled: false, pageLoadStrategy: normal, platform: WINDOWS, platformName: WINDOWS, proxy: Proxy(), se:cdp: ws://localhost:52347/devtoo..., se:cdpVersion: 91.0.4472.124, setWindowRect: true, strictFileInteractability: false, timeouts: {implicit: 0, pageLoad: 300000, script: 30000}, unhandledPromptBehavior: dismiss and notify, webauthn:extension:largeBlob: true, webauthn:virtualAuthenticators: true}
Element: [[ChromeDriver: chrome on WINDOWS (0dd76b18cb865a0caa4b7c41cefdeae2)] -> xpath: //span[contains(text(),'My Account')]]
Session ID: 0dd76b18cb865a0caa4b7c41cefdeae2
	at com.tests.LoginTest.invalid_emailAndPassword_LoginTest1(LoginTest.java:14)
]]></failure>
    <system-out><![CDATA[[INFO ] 2021-07-09 23:27:40.272 [main] Log - invalid_emailAndPassword_LoginTest1 test is starting.
[INFO ] 2021-07-09 23:27:40.272 [main] Log - go to opencart home page
[INFO ] 2021-07-09 23:27:41.554 [main] Log - go to login page 
[INFO ] 2021-07-09 23:27:41.610 [main] Log - invalid_emailAndPassword_LoginTest1 test is failed.
]]></system-out>
  </testcase>
  <testcase name="testPrint" classname="com.tests.LoginTest" time="0.012">
    <system-out><![CDATA[[INFO ] 2021-07-09 23:27:41.826 [main] Log - testPrint test is starting.
Page Tile : Your Store
[INFO ] 2021-07-09 23:27:41.841 [main] Log - testPrint test is succeed.
]]></system-out>
  </testcase>
  <testcase name="invalid_emailAndPassword_LoginTest2[public void com.tests.LoginTest.invalid_emailAndPassword_LoginTest2(java.lang.reflect.Method)](1)" classname="com.tests.LoginTest" time="0">
    <skipped message="element not interactable&#10;  (Session info: chrome=91.0.4472.124)&#10;Build info: version: &apos;4.0.0-beta-4&apos;, revision: &apos;29f46d02dd&apos;&#10;System info: host: &apos;LAPTOP-EM2ICHMI&apos;, ip: &apos;192.168.58.102&apos;, os.name: &apos;Windows 10&apos;, os.arch: &apos;amd64&apos;, os.version: &apos;10.0&apos;, java.version: &apos;1.8.0_281&apos;&#10;Driver info: org.openqa.selenium.chrome.ChromeDriver&#10;Command: [0dd76b18cb865a0caa4b7c41cefdeae2, clickElement {id=7fdf8622-9a8b-413a-ab77-f0d345de126c}]&#10;Capabilities {acceptInsecureCerts: false, browserName: chrome, browserVersion: 91.0.4472.124, chrome: {chromedriverVersion: 91.0.4472.19 (1bf021f248676..., userDataDir: C:\WINDOWS\TEMP\scoped_dir1...}, goog:chromeOptions: {debuggerAddress: localhost:52347}, javascriptEnabled: true, networkConnectionEnabled: false, pageLoadStrategy: normal, platform: WINDOWS, platformName: WINDOWS, proxy: Proxy(), se:cdp: ws://localhost:52347/devtoo..., se:cdpVersion: 91.0.4472.124, setWindowRect: true, strictFileInteractability: false, timeouts: {implicit: 0, pageLoad: 300000, script: 30000}, unhandledPromptBehavior: dismiss and notify, webauthn:extension:largeBlob: true, webauthn:virtualAuthenticators: true}&#10;Element: [[ChromeDriver: chrome on WINDOWS (0dd76b18cb865a0caa4b7c41cefdeae2)] -&gt; xpath: //span[contains(text(),&apos;My Account&apos;)]]&#10;Session ID: 0dd76b18cb865a0caa4b7c41cefdeae2"/>
    <system-out><![CDATA[[INFO ] 2021-07-09 23:27:41.841 [main] Log - invalid_emailAndPassword_LoginTest2 test is starting.
[INFO ] 2021-07-09 23:27:41.841 [main] Log - go to opencart home page
[INFO ] 2021-07-09 23:27:43.143 [main] Log - go to login page 
[INFO ] 2021-07-09 23:27:43.384 [main] Log - invalid_emailAndPassword_LoginTest2 test is skipped.
]]></system-out>
  </testcase>
  <testcase name="invalid_emailAndPassword_LoginTest2[public void com.tests.LoginTest.invalid_emailAndPassword_LoginTest2(java.lang.reflect.Method)](2)" classname="com.tests.LoginTest" time="1.49">
    <failure message="element not interactable&#10;  (Session info: chrome=91.0.4472.124)&#10;Build info: version: &apos;4.0.0-beta-4&apos;, revision: &apos;29f46d02dd&apos;&#10;System info: host: &apos;LAPTOP-EM2ICHMI&apos;, ip: &apos;192.168.58.102&apos;, os.name: &apos;Windows 10&apos;, os.arch: &apos;amd64&apos;, os.version: &apos;10.0&apos;, java.version: &apos;1.8.0_281&apos;&#10;Driver info: org.openqa.selenium.chrome.ChromeDriver&#10;Command: [0dd76b18cb865a0caa4b7c41cefdeae2, clickElement {id=8c90c7bd-5642-43fb-b99e-d202f6c5925c}]&#10;Capabilities {acceptInsecureCerts: false, browserName: chrome, browserVersion: 91.0.4472.124, chrome: {chromedriverVersion: 91.0.4472.19 (1bf021f248676..., userDataDir: C:\WINDOWS\TEMP\scoped_dir1...}, goog:chromeOptions: {debuggerAddress: localhost:52347}, javascriptEnabled: true, networkConnectionEnabled: false, pageLoadStrategy: normal, platform: WINDOWS, platformName: WINDOWS, proxy: Proxy(), se:cdp: ws://localhost:52347/devtoo..., se:cdpVersion: 91.0.4472.124, setWindowRect: true, strictFileInteractability: false, timeouts: {implicit: 0, pageLoad: 300000, script: 30000}, unhandledPromptBehavior: dismiss and notify, webauthn:extension:largeBlob: true, webauthn:virtualAuthenticators: true}&#10;Element: [[ChromeDriver: chrome on WINDOWS (0dd76b18cb865a0caa4b7c41cefdeae2)] -&gt; xpath: //span[contains(text(),&apos;My Account&apos;)]]&#10;Session ID: 0dd76b18cb865a0caa4b7c41cefdeae2" type="org.openqa.selenium.ElementNotInteractableException"><![CDATA[org.openqa.selenium.ElementNotInteractableException: 
element not interactable
  (Session info: chrome=91.0.4472.124)
Build info: version: '4.0.0-beta-4', revision: '29f46d02dd'
System info: host: 'LAPTOP-EM2ICHMI', ip: '192.168.58.102', os.name: 'Windows 10', os.arch: 'amd64', os.version: '10.0', java.version: '1.8.0_281'
Driver info: org.openqa.selenium.chrome.ChromeDriver
Command: [0dd76b18cb865a0caa4b7c41cefdeae2, clickElement {id=8c90c7bd-5642-43fb-b99e-d202f6c5925c}]
Capabilities {acceptInsecureCerts: false, browserName: chrome, browserVersion: 91.0.4472.124, chrome: {chromedriverVersion: 91.0.4472.19 (1bf021f248676..., userDataDir: C:\WINDOWS\TEMP\scoped_dir1...}, goog:chromeOptions: {debuggerAddress: localhost:52347}, javascriptEnabled: true, networkConnectionEnabled: false, pageLoadStrategy: normal, platform: WINDOWS, platformName: WINDOWS, proxy: Proxy(), se:cdp: ws://localhost:52347/devtoo..., se:cdpVersion: 91.0.4472.124, setWindowRect: true, strictFileInteractability: false, timeouts: {implicit: 0, pageLoad: 300000, script: 30000}, unhandledPromptBehavior: dismiss and notify, webauthn:extension:largeBlob: true, webauthn:virtualAuthenticators: true}
Element: [[ChromeDriver: chrome on WINDOWS (0dd76b18cb865a0caa4b7c41cefdeae2)] -> xpath: //span[contains(text(),'My Account')]]
Session ID: 0dd76b18cb865a0caa4b7c41cefdeae2
	at com.tests.LoginTest.invalid_emailAndPassword_LoginTest2(LoginTest.java:21)
]]></failure>
    <system-out><![CDATA[[INFO ] 2021-07-09 23:27:43.393 [main] Log - invalid_emailAndPassword_LoginTest2 test is starting.
[INFO ] 2021-07-09 23:27:43.394 [main] Log - go to opencart home page
[INFO ] 2021-07-09 23:27:44.626 [main] Log - go to login page 
[INFO ] 2021-07-09 23:27:44.684 [main] Log - invalid_emailAndPassword_LoginTest2 test is failed.
]]></system-out>
  </testcase>
  <testcase name="invalid_emailAndPassword_LoginTest3[public void com.tests.LoginTest.invalid_emailAndPassword_LoginTest3(java.lang.reflect.Method)](1)" classname="com.tests.LoginTest" time="0">
    <skipped message="element not interactable&#10;  (Session info: chrome=91.0.4472.124)&#10;Build info: version: &apos;4.0.0-beta-4&apos;, revision: &apos;29f46d02dd&apos;&#10;System info: host: &apos;LAPTOP-EM2ICHMI&apos;, ip: &apos;192.168.58.102&apos;, os.name: &apos;Windows 10&apos;, os.arch: &apos;amd64&apos;, os.version: &apos;10.0&apos;, java.version: &apos;1.8.0_281&apos;&#10;Driver info: org.openqa.selenium.chrome.ChromeDriver&#10;Command: [0dd76b18cb865a0caa4b7c41cefdeae2, clickElement {id=1785f635-b145-45b1-830e-e6f3bd457ae6}]&#10;Capabilities {acceptInsecureCerts: false, browserName: chrome, browserVersion: 91.0.4472.124, chrome: {chromedriverVersion: 91.0.4472.19 (1bf021f248676..., userDataDir: C:\WINDOWS\TEMP\scoped_dir1...}, goog:chromeOptions: {debuggerAddress: localhost:52347}, javascriptEnabled: true, networkConnectionEnabled: false, pageLoadStrategy: normal, platform: WINDOWS, platformName: WINDOWS, proxy: Proxy(), se:cdp: ws://localhost:52347/devtoo..., se:cdpVersion: 91.0.4472.124, setWindowRect: true, strictFileInteractability: false, timeouts: {implicit: 0, pageLoad: 300000, script: 30000}, unhandledPromptBehavior: dismiss and notify, webauthn:extension:largeBlob: true, webauthn:virtualAuthenticators: true}&#10;Element: [[ChromeDriver: chrome on WINDOWS (0dd76b18cb865a0caa4b7c41cefdeae2)] -&gt; xpath: //span[contains(text(),&apos;My Account&apos;)]]&#10;Session ID: 0dd76b18cb865a0caa4b7c41cefdeae2"/>
    <system-out><![CDATA[[INFO ] 2021-07-09 23:27:44.884 [main] Log - invalid_emailAndPassword_LoginTest3 test is starting.
[INFO ] 2021-07-09 23:27:44.884 [main] Log - go to opencart home page
[INFO ] 2021-07-09 23:27:46.128 [main] Log - go to login page 
[INFO ] 2021-07-09 23:27:46.393 [main] Log - invalid_emailAndPassword_LoginTest3 test is skipped.
]]></system-out>
  </testcase>
  <testcase name="invalid_emailAndPassword_LoginTest3[public void com.tests.LoginTest.invalid_emailAndPassword_LoginTest3(java.lang.reflect.Method)](2)" classname="com.tests.LoginTest" time="1.543">
    <failure message="element not interactable&#10;  (Session info: chrome=91.0.4472.124)&#10;Build info: version: &apos;4.0.0-beta-4&apos;, revision: &apos;29f46d02dd&apos;&#10;System info: host: &apos;LAPTOP-EM2ICHMI&apos;, ip: &apos;192.168.58.102&apos;, os.name: &apos;Windows 10&apos;, os.arch: &apos;amd64&apos;, os.version: &apos;10.0&apos;, java.version: &apos;1.8.0_281&apos;&#10;Driver info: org.openqa.selenium.chrome.ChromeDriver&#10;Command: [0dd76b18cb865a0caa4b7c41cefdeae2, clickElement {id=a252a34b-4ec4-4a23-95b4-95185aa8a1bf}]&#10;Capabilities {acceptInsecureCerts: false, browserName: chrome, browserVersion: 91.0.4472.124, chrome: {chromedriverVersion: 91.0.4472.19 (1bf021f248676..., userDataDir: C:\WINDOWS\TEMP\scoped_dir1...}, goog:chromeOptions: {debuggerAddress: localhost:52347}, javascriptEnabled: true, networkConnectionEnabled: false, pageLoadStrategy: normal, platform: WINDOWS, platformName: WINDOWS, proxy: Proxy(), se:cdp: ws://localhost:52347/devtoo..., se:cdpVersion: 91.0.4472.124, setWindowRect: true, strictFileInteractability: false, timeouts: {implicit: 0, pageLoad: 300000, script: 30000}, unhandledPromptBehavior: dismiss and notify, webauthn:extension:largeBlob: true, webauthn:virtualAuthenticators: true}&#10;Element: [[ChromeDriver: chrome on WINDOWS (0dd76b18cb865a0caa4b7c41cefdeae2)] -&gt; xpath: //span[contains(text(),&apos;My Account&apos;)]]&#10;Session ID: 0dd76b18cb865a0caa4b7c41cefdeae2" type="org.openqa.selenium.ElementNotInteractableException"><![CDATA[org.openqa.selenium.ElementNotInteractableException: 
element not interactable
  (Session info: chrome=91.0.4472.124)
Build info: version: '4.0.0-beta-4', revision: '29f46d02dd'
System info: host: 'LAPTOP-EM2ICHMI', ip: '192.168.58.102', os.name: 'Windows 10', os.arch: 'amd64', os.version: '10.0', java.version: '1.8.0_281'
Driver info: org.openqa.selenium.chrome.ChromeDriver
Command: [0dd76b18cb865a0caa4b7c41cefdeae2, clickElement {id=a252a34b-4ec4-4a23-95b4-95185aa8a1bf}]
Capabilities {acceptInsecureCerts: false, browserName: chrome, browserVersion: 91.0.4472.124, chrome: {chromedriverVersion: 91.0.4472.19 (1bf021f248676..., userDataDir: C:\WINDOWS\TEMP\scoped_dir1...}, goog:chromeOptions: {debuggerAddress: localhost:52347}, javascriptEnabled: true, networkConnectionEnabled: false, pageLoadStrategy: normal, platform: WINDOWS, platformName: WINDOWS, proxy: Proxy(), se:cdp: ws://localhost:52347/devtoo..., se:cdpVersion: 91.0.4472.124, setWindowRect: true, strictFileInteractability: false, timeouts: {implicit: 0, pageLoad: 300000, script: 30000}, unhandledPromptBehavior: dismiss and notify, webauthn:extension:largeBlob: true, webauthn:virtualAuthenticators: true}
Element: [[ChromeDriver: chrome on WINDOWS (0dd76b18cb865a0caa4b7c41cefdeae2)] -> xpath: //span[contains(text(),'My Account')]]
Session ID: 0dd76b18cb865a0caa4b7c41cefdeae2
	at com.tests.LoginTest.invalid_emailAndPassword_LoginTest3(LoginTest.java:28)
]]></failure>
    <system-out><![CDATA[[INFO ] 2021-07-09 23:27:46.399 [main] Log - invalid_emailAndPassword_LoginTest3 test is starting.
[INFO ] 2021-07-09 23:27:46.400 [main] Log - go to opencart home page
[INFO ] 2021-07-09 23:27:47.670 [main] Log - go to login page 
[INFO ] 2021-07-09 23:27:47.725 [main] Log - invalid_emailAndPassword_LoginTest3 test is failed.
]]></system-out>
  </testcase>
  <testcase name="valid_emailAndPassword_LoginTest[public void com.tests.LoginTest.valid_emailAndPassword_LoginTest(java.lang.reflect.Method)](1)" classname="com.tests.LoginTest" time="0">
    <skipped message="element not interactable&#10;  (Session info: chrome=91.0.4472.124)&#10;Build info: version: &apos;4.0.0-beta-4&apos;, revision: &apos;29f46d02dd&apos;&#10;System info: host: &apos;LAPTOP-EM2ICHMI&apos;, ip: &apos;192.168.58.102&apos;, os.name: &apos;Windows 10&apos;, os.arch: &apos;amd64&apos;, os.version: &apos;10.0&apos;, java.version: &apos;1.8.0_281&apos;&#10;Driver info: org.openqa.selenium.chrome.ChromeDriver&#10;Command: [0dd76b18cb865a0caa4b7c41cefdeae2, clickElement {id=6d183d94-2c62-4426-a08e-223c846df4c6}]&#10;Capabilities {acceptInsecureCerts: false, browserName: chrome, browserVersion: 91.0.4472.124, chrome: {chromedriverVersion: 91.0.4472.19 (1bf021f248676..., userDataDir: C:\WINDOWS\TEMP\scoped_dir1...}, goog:chromeOptions: {debuggerAddress: localhost:52347}, javascriptEnabled: true, networkConnectionEnabled: false, pageLoadStrategy: normal, platform: WINDOWS, platformName: WINDOWS, proxy: Proxy(), se:cdp: ws://localhost:52347/devtoo..., se:cdpVersion: 91.0.4472.124, setWindowRect: true, strictFileInteractability: false, timeouts: {implicit: 0, pageLoad: 300000, script: 30000}, unhandledPromptBehavior: dismiss and notify, webauthn:extension:largeBlob: true, webauthn:virtualAuthenticators: true}&#10;Element: [[ChromeDriver: chrome on WINDOWS (0dd76b18cb865a0caa4b7c41cefdeae2)] -&gt; xpath: //span[contains(text(),&apos;My Account&apos;)]]&#10;Session ID: 0dd76b18cb865a0caa4b7c41cefdeae2"/>
    <system-out><![CDATA[[INFO ] 2021-07-09 23:27:47.943 [main] Log - valid_emailAndPassword_LoginTest test is starting.
[INFO ] 2021-07-09 23:27:47.943 [main] Log - go to opencart home page
[INFO ] 2021-07-09 23:27:49.219 [main] Log - go to login page 
[INFO ] 2021-07-09 23:27:49.487 [main] Log - valid_emailAndPassword_LoginTest test is skipped.
]]></system-out>
  </testcase>
  <testcase name="valid_emailAndPassword_LoginTest[public void com.tests.LoginTest.valid_emailAndPassword_LoginTest(java.lang.reflect.Method)](2)" classname="com.tests.LoginTest" time="1.541">
    <failure message="element not interactable&#10;  (Session info: chrome=91.0.4472.124)&#10;Build info: version: &apos;4.0.0-beta-4&apos;, revision: &apos;29f46d02dd&apos;&#10;System info: host: &apos;LAPTOP-EM2ICHMI&apos;, ip: &apos;192.168.58.102&apos;, os.name: &apos;Windows 10&apos;, os.arch: &apos;amd64&apos;, os.version: &apos;10.0&apos;, java.version: &apos;1.8.0_281&apos;&#10;Driver info: org.openqa.selenium.chrome.ChromeDriver&#10;Command: [0dd76b18cb865a0caa4b7c41cefdeae2, clickElement {id=1f174a2f-77c3-4b11-b71f-9c61b27dcf8d}]&#10;Capabilities {acceptInsecureCerts: false, browserName: chrome, browserVersion: 91.0.4472.124, chrome: {chromedriverVersion: 91.0.4472.19 (1bf021f248676..., userDataDir: C:\WINDOWS\TEMP\scoped_dir1...}, goog:chromeOptions: {debuggerAddress: localhost:52347}, javascriptEnabled: true, networkConnectionEnabled: false, pageLoadStrategy: normal, platform: WINDOWS, platformName: WINDOWS, proxy: Proxy(), se:cdp: ws://localhost:52347/devtoo..., se:cdpVersion: 91.0.4472.124, setWindowRect: true, strictFileInteractability: false, timeouts: {implicit: 0, pageLoad: 300000, script: 30000}, unhandledPromptBehavior: dismiss and notify, webauthn:extension:largeBlob: true, webauthn:virtualAuthenticators: true}&#10;Element: [[ChromeDriver: chrome on WINDOWS (0dd76b18cb865a0caa4b7c41cefdeae2)] -&gt; xpath: //span[contains(text(),&apos;My Account&apos;)]]&#10;Session ID: 0dd76b18cb865a0caa4b7c41cefdeae2" type="org.openqa.selenium.ElementNotInteractableException"><![CDATA[org.openqa.selenium.ElementNotInteractableException: 
element not interactable
  (Session info: chrome=91.0.4472.124)
Build info: version: '4.0.0-beta-4', revision: '29f46d02dd'
System info: host: 'LAPTOP-EM2ICHMI', ip: '192.168.58.102', os.name: 'Windows 10', os.arch: 'amd64', os.version: '10.0', java.version: '1.8.0_281'
Driver info: org.openqa.selenium.chrome.ChromeDriver
Command: [0dd76b18cb865a0caa4b7c41cefdeae2, clickElement {id=1f174a2f-77c3-4b11-b71f-9c61b27dcf8d}]
Capabilities {acceptInsecureCerts: false, browserName: chrome, browserVersion: 91.0.4472.124, chrome: {chromedriverVersion: 91.0.4472.19 (1bf021f248676..., userDataDir: C:\WINDOWS\TEMP\scoped_dir1...}, goog:chromeOptions: {debuggerAddress: localhost:52347}, javascriptEnabled: true, networkConnectionEnabled: false, pageLoadStrategy: normal, platform: WINDOWS, platformName: WINDOWS, proxy: Proxy(), se:cdp: ws://localhost:52347/devtoo..., se:cdpVersion: 91.0.4472.124, setWindowRect: true, strictFileInteractability: false, timeouts: {implicit: 0, pageLoad: 300000, script: 30000}, unhandledPromptBehavior: dismiss and notify, webauthn:extension:largeBlob: true, webauthn:virtualAuthenticators: true}
Element: [[ChromeDriver: chrome on WINDOWS (0dd76b18cb865a0caa4b7c41cefdeae2)] -> xpath: //span[contains(text(),'My Account')]]
Session ID: 0dd76b18cb865a0caa4b7c41cefdeae2
	at com.tests.LoginTest.valid_emailAndPassword_LoginTest(LoginTest.java:34)
]]></failure>
    <system-out><![CDATA[[INFO ] 2021-07-09 23:27:49.496 [main] Log - valid_emailAndPassword_LoginTest test is starting.
[INFO ] 2021-07-09 23:27:49.497 [main] Log - go to opencart home page
[INFO ] 2021-07-09 23:27:50.750 [main] Log - go to login page 
[INFO ] 2021-07-09 23:27:50.803 [main] Log - valid_emailAndPassword_LoginTest test is failed.
]]></system-out>
  </testcase>
</testsuite>